{
  "RSpec": {
    "coverage": {
      "/home/artyom/work/fin_tech/app/models/user.rb": {
        "lines": [
          1,
          null,
          null,
          1,
          null,
          1,
          null
        ]
      },
      "/home/artyom/work/fin_tech/app/controllers/notes_controller.rb": {
        "lines": [
          1,
          null,
          1,
          1,
          1,
          null,
          1,
          2,
          null,
          null,
          1,
          null,
          null,
          1,
          0,
          null,
          null,
          1,
          0,
          0,
          null,
          0,
          0,
          null,
          0,
          null,
          null,
          null,
          1,
          0,
          null,
          0,
          null,
          null,
          1,
          null,
          null,
          1,
          0,
          null,
          0,
          0,
          null,
          0,
          null,
          null,
          null,
          1,
          null,
          1,
          5,
          5,
          1,
          null,
          1,
          null,
          null,
          1,
          10,
          null,
          3,
          null,
          null,
          1,
          0,
          null,
          null,
          1,
          2,
          null,
          1,
          null,
          null
        ]
      },
      "/home/artyom/work/fin_tech/app/models/note.rb": {
        "lines": [
          1,
          1,
          null,
          1,
          null
        ]
      },
      "/home/artyom/work/fin_tech/app/models/stock.rb": {
        "lines": [
          0,
          0
        ],
        "branches": {
        }
      },
      "/home/artyom/work/fin_tech/app/controllers/home_controller.rb": {
        "lines": [
          0,
          null,
          0,
          null,
          0,
          0
        ],
        "branches": {
        }
      }
    },
    "timestamp": 1610808981
  }
}
